Start testing: Mar 16 18:10 EDT
----------------------------------------------------------
1/1 Testing: basic_test
1/1 Test: basic_test
Command: "/Users/aclaure/src/DateTimeGrammars/build/tests/basic_test"
Directory: /Users/aclaure/src/DateTimeGrammars/build/tests
"basic_test" start time: Mar 16 18:10 EDT
Output:
----------------------------------------------------------
Running 2 test cases...
/Users/aclaure/src/DateTimeGrammars/tests/basic_test.cpp:30: error: in "Basic/date_only_test": check didParse has failed
/Users/aclaure/src/DateTimeGrammars/tests/basic_test.cpp:31: error: in "Basic/date_only_test": check (begin == end) has failed

*** 2 failures are detected in the test module "Master Test Suite"
<end of output>
Test time =   0.01 sec
----------------------------------------------------------
Test Failed.
"basic_test" end time: Mar 16 18:10 EDT
"basic_test" time elapsed: 00:00:00
----------------------------------------------------------

End testing: Mar 16 18:10 EDT
